[25/08/2014 16:49:55]Info>****************************************************
[25/08/2014 16:49:55]Info>Application start: EC-Lab Express v5.55  25/3/2014
[25/08/2014 16:50:00]Info>Application close
[10/31/2019 1:44:00 PM]Info>****************************************************
[10/31/2019 1:44:00 PM]Info>Application start: EC-Lab Express v5.56  26/8/2014
[10/31/2019 1:49:01 PM]Info>Application close
[10/31/2019 1:49:19 PM]Info>****************************************************
[10/31/2019 1:49:19 PM]Info>Application start: EC-Lab Express v5.56  26/8/2014
[10/31/2019 1:53:48 PM]Info>Application close
[10/31/2019 1:55:06 PM]Info>****************************************************
[10/31/2019 1:55:06 PM]Info>Application start: EC-Lab Express v5.56  26/8/2014
[10/31/2019 1:55:20 PM]Info>Application close
[10/31/2019 1:55:39 PM]Info>****************************************************
[10/31/2019 1:55:39 PM]Info>Application start: EC-Lab Express v5.56  26/8/2014
[10/31/2019 1:55:47 PM]Info>Application close
[10/31/2019 1:56:32 PM]Info>****************************************************
[10/31/2019 1:56:32 PM]Info>Application start: EC-Lab Express v5.56  26/8/2014
[10/31/2019 1:56:42 PM]Error>BL_GetChannelInfos -308
[10/31/2019 1:56:42 PM]Error>BL_GetChannelInfos -308
[10/31/2019 1:56:42 PM]Error>BL_GetChannelInfos -308
[10/31/2019 1:56:42 PM]Error>BL_GetChannelInfos -308
[10/31/2019 1:58:47 PM]Info>Application close
[10/31/2019 2:30:53 PM]Info>****************************************************
[10/31/2019 2:30:53 PM]Info>Application start: EC-Lab Express v5.56  26/8/2014
[10/31/2019 2:31:42 PM]MessageBox W>Cannot update technique : no experiment running ! -> 1
[10/31/2019 2:33:51 PM]Info>Application close
[10/31/2019 2:42:13 PM]Info>****************************************************
[10/31/2019 2:42:13 PM]Info>Application start: EC-Lab Express v5.56  26/8/2014
[10/31/2019 2:50:53 PM]Info>Application close
[10/31/2019 2:56:47 PM]Info>****************************************************
[10/31/2019 2:56:47 PM]Info>Application start: EC-Lab Express v5.56  26/8/2014
[10/31/2019 2:57:24 PM]MessageBox W>Cannot update technique : no channel selected ! -> 1
[10/31/2019 2:58:55 PM]Info>Application close
[10/31/2019 3:16:25 PM]Info>****************************************************
[10/31/2019 3:16:25 PM]Info>Application start: EC-Lab Express v5.56  26/8/2014
[10/31/2019 3:16:51 PM]Error>BL_GetChannelInfos -308
[10/31/2019 3:16:51 PM]Error>BL_GetChannelInfos -308
[10/31/2019 3:16:51 PM]Error>BL_GetChannelInfos -308
[10/31/2019 3:16:51 PM]Error>BL_GetChannelInfos -308
[10/31/2019 3:17:25 PM]MessageBox YNC>Replace existing file(s) :
[10/31/2019 3:17:56 PM]Info>Application close
[10/31/2019 3:19:17 PM]Info>****************************************************
[10/31/2019 3:19:17 PM]Info>Application start: EC-Lab Express v5.56  26/8/2014
[10/31/2019 3:19:24 PM]Info>Application close
[11/1/2019 3:21:43 PM]Info>****************************************************
[11/1/2019 3:21:43 PM]Info>Application start: EC-Lab Express v5.56  26/8/2014
[11/1/2019 3:24:09 PM]MessageBox W>Cannot update technique : no experiment running ! -> 1
[11/1/2019 3:28:09 PM]Info>Application close
[11/1/2019 3:36:34 PM]Info>****************************************************
[11/1/2019 3:36:34 PM]Info>Application start: EC-Lab Express v5.56  26/8/2014
[11/1/2019 3:38:27 PM]MessageBox W>Cannot update technique : no experiment running ! -> 1
[11/1/2019 3:38:39 PM]MessageBox YNC>Replace existing file(s) :
[11/1/2019 3:46:29 PM]MessageBox W>Cannot update technique : no experiment running ! -> 1
[11/1/2019 3:46:34 PM]MessageBox YNC>Replace existing file(s) :
[11/1/2019 3:48:18 PM]MessageBox YNC>Replace existing file(s) :
[11/1/2019 4:30:14 PM]MessageBox YNC>Replace existing file(s) :
[11/5/2019 11:41:22 AM]Info>Application close
[11/14/2019 11:57:41 AM]Info>****************************************************
[11/14/2019 11:57:41 AM]Info>Application start: EC-Lab Express v5.56  26/8/2014
[11/14/2019 12:00:39 PM]Info>Application close
[11/14/2019 12:11:36 PM]Info>****************************************************
[11/14/2019 12:11:36 PM]Info>Application start: EC-Lab Express v5.56  26/8/2014
[11/14/2019 12:12:28 PM]MessageBox YNW>Import Cell Characteristics and Hardware configuration defined in file Experiment 1_02_PDYN.mpr ? -> 6
[11/14/2019 12:14:55 PM]MessageBox YNC>Replace existing file(s) :
[11/14/2019 12:25:20 PM]Info>Application close
[11/14/2019 12:29:03 PM]Info>****************************************************
[11/14/2019 12:29:03 PM]Info>Application start: EC-Lab Express v5.56  26/8/2014
[11/14/2019 12:30:24 PM]MessageBox YNC>Replace existing file(s) :
[11/14/2019 12:32:01 PM]MessageBox YNC>Replace existing file(s) :
[11/14/2019 12:32:56 PM]MessageBox W>Cannot run experiment: EIS techniques not allowed in CE to Ground connection ! -> 1
[11/14/2019 12:33:03 PM]MessageBox W>Cannot run experiment: EIS techniques not allowed in WE to Ground connection ! -> 1
[11/14/2019 12:33:11 PM]MessageBox W>Cannot run experiment: EIS techniques not allowed in +/-48V control mode ! -> 1
[11/14/2019 12:33:20 PM]MessageBox YNC>Replace existing file(s) :
[11/14/2019 12:34:05 PM]MessageBox YNC>Replace existing file(s) :
[11/14/2019 12:38:45 PM]MessageBox YNC>Replace existing file(s) :
[11/14/2019 12:39:51 PM]MessageBox W>Cannot run experiment
[11/14/2019 12:39:51 PM]MessageBox E>Cannot run experiment
[11/14/2019 12:40:02 PM]MessageBox YNC>Replace existing file(s) :
[11/14/2019 12:41:13 PM]MessageBox W>Cannot update technique : no experiment running ! -> 1
[11/14/2019 12:50:01 PM]MessageBox YNC>Replace existing file(s) :
[11/14/2019 1:09:05 PM]Info>Application close
[11/14/2019 1:09:11 PM]Info>****************************************************
[11/14/2019 1:09:11 PM]Info>Application start: EC-Lab Express v5.56  26/8/2014
[11/15/2019 3:30:47 PM]Info>Application close
[11/18/2019 1:59:03 PM]Info>****************************************************
[11/18/2019 1:59:03 PM]Info>Application start: EC-Lab Express v5.56  26/8/2014
[11/18/2019 2:38:24 PM]Error>BL_GetChannelInfos -200
[11/18/2019 2:38:45 PM]Error>BL_GetCurrentValues -200
[11/18/2019 2:38:46 PM]Error>BL_GetChannelInfos -308
[11/18/2019 2:39:07 PM]Error>BL_GetCurrentValues -200
[11/18/2019 6:48:27 PM]MessageBox W>Cannot get current values of channel 1 : communication failed with the instrument !
[11/18/2019 6:48:29 PM]Info>Application close
[11/20/2019 9:59:07 AM]Info>****************************************************
[11/20/2019 9:59:07 AM]Info>Application start: EC-Lab Express v5.56  26/8/2014
[11/20/2019 10:01:50 AM]MessageBox YNC>Replace existing file(s) :
[11/20/2019 10:04:35 AM]MessageBox YNC>Replace existing file(s) :
[11/20/2019 10:05:23 AM]MessageBox YNC>Replace existing file(s) :
[11/20/2019 10:06:56 AM]MessageBox YNC>Replace existing file(s) :
[11/20/2019 10:07:42 AM]MessageBox YNC>Replace existing file(s) :
[11/20/2019 10:12:48 AM]Error>BL_GetChannelInfos -200
[11/20/2019 10:13:09 AM]Error>BL_GetCurrentValues -200
[11/20/2019 10:13:10 AM]Error>BL_GetChannelInfos -308
[11/20/2019 10:13:31 AM]Error>BL_GetCurrentValues -200
[11/20/2019 12:20:17 PM]Info>Application close
[11/20/2019 12:20:17 PM]MessageBox W>Cannot get current values of channel 1 : communication failed with the instrument !
[11/21/2019 1:10:48 PM]Info>****************************************************
[11/21/2019 1:10:48 PM]Info>Application start: EC-Lab Express v5.56  26/8/2014
[11/21/2019 1:20:45 PM]MessageBox YNC>Replace existing file(s) :
[11/21/2019 1:21:14 PM]MessageBox YNC>Replace existing file(s) :
[11/21/2019 1:21:42 PM]MessageBox YNC>Replace existing file(s) :
[11/21/2019 1:23:29 PM]MessageBox YNC>Replace existing file(s) :
[11/21/2019 1:24:34 PM]MessageBox YNC>Replace existing file(s) :
[11/21/2019 1:25:06 PM]MessageBox YNC>Replace existing file(s) :
[11/21/2019 1:25:24 PM]MessageBox YNC>Replace existing file(s) :
[11/21/2019 1:25:52 PM]MessageBox YNC>Replace existing file(s) :
[11/21/2019 1:28:28 PM]MessageBox YNC>Replace existing file(s) :
[11/21/2019 1:52:01 PM]Info>Application close
[12/5/2019 10:33:47 PM]Info>****************************************************
[12/5/2019 10:33:47 PM]Info>Application start: EC-Lab Express v5.56  26/8/2014
[12/5/2019 10:34:05 PM]Error>BL_GetChannelInfos -308
[12/5/2019 10:34:05 PM]Error>BL_GetChannelInfos -308
[12/5/2019 10:34:05 PM]Error>BL_GetChannelInfos -308
[12/5/2019 10:34:05 PM]Error>BL_GetChannelInfos -308
[12/5/2019 10:34:23 PM]Info>Application close
[12/8/2019 3:12:30 PM]Info>****************************************************
[12/8/2019 3:12:30 PM]Info>Application start: EC-Lab Express v5.56  26/8/2014
[12/8/2019 3:18:27 PM]MessageBox W>Cannot run experiment: more than 2 channels are selected ! -> 1
[12/8/2019 3:36:43 PM]Info>Application close
[12/8/2019 10:46:16 PM]Info>****************************************************
[12/8/2019 10:46:16 PM]Info>Application start: EC-Lab Express v5.56  26/8/2014
[12/8/2019 10:46:46 PM]Error>BL_Connect -201
[12/8/2019 10:46:49 PM]MessageBox W>Connection failed on 192.168.35.8 : cannot establish connection with the instrument ! -> 1
[12/8/2019 10:46:59 PM]Info>Application close
[12/11/2019 12:44:30 AM]Info>****************************************************
[12/11/2019 12:44:30 AM]Info>Application start: EC-Lab Express v5.56  26/8/2014
[12/11/2019 12:55:31 AM]MessageBox W>Cannot remove selection: experiment is still running ! -> 1
[12/11/2019 12:56:31 AM]MessageBox W>Cannot add/remove selected channel(s): experiment is still running ! -> 1
[12/11/2019 12:57:32 AM]MessageBox W>Cannot add/remove selected channel(s): experiment is still running ! -> 1
[12/11/2019 12:57:46 AM]Info>Application close
[12/11/2019 12:57:51 AM]Info>****************************************************
[12/11/2019 12:57:51 AM]Info>Application start: EC-Lab Express v5.56  26/8/2014
[12/11/2019 12:58:14 AM]MessageBox W>Cannot add/remove selected channel(s): experiment is still running ! -> 1
[12/11/2019 12:58:17 AM]MessageBox W>Cannot add/remove selected channel(s): experiment is still running ! -> 1
[12/11/2019 12:58:45 AM]MessageBox W>Cannot add/remove selected channel(s): experiment is still running ! -> 1
[12/11/2019 12:58:47 AM]MessageBox W>Cannot add/remove selected channel(s): experiment is still running ! -> 1
[12/11/2019 12:58:52 AM]Info>Application close
[12/11/2019 12:59:00 AM]Info>****************************************************
[12/11/2019 12:59:00 AM]Info>Application start: EC-Lab Express v5.56  26/8/2014
[12/11/2019 12:59:25 AM]MessageBox W>Cannot add/remove selected channel(s): experiment is still running ! -> 1
[12/11/2019 12:59:38 AM]Info>Application close
[12/11/2019 1:00:34 AM]Info>****************************************************
[12/11/2019 1:00:34 AM]Info>Application start: EC-Lab Express v5.56  26/8/2014
[12/11/2019 1:00:54 AM]MessageBox W>Cannot add/remove selected channel(s): experiment is still running ! -> 1
[12/11/2019 1:01:04 AM]Info>Application close
[12/11/2019 1:11:10 AM]Info>****************************************************
[12/11/2019 1:11:10 AM]Info>Application start: EC-Lab Express v5.56  26/8/2014
[12/11/2019 1:11:35 AM]MessageBox W>Cannot add/remove selected channel(s): experiment is still running ! -> 1
[12/11/2019 1:11:43 AM]Info>Application close
[12/11/2019 1:57:02 PM]Info>****************************************************
[12/11/2019 1:57:02 PM]Info>Application start: EC-Lab Express v5.56  26/8/2014
[12/11/2019 2:08:18 PM]Error>BL_GetChannelInfos -200
[12/11/2019 2:08:18 PM]Error>BL_GetChannelInfos -308
[12/11/2019 2:08:18 PM]Error>BL_GetChannelInfos -308
[12/11/2019 2:08:18 PM]Error>BL_GetChannelInfos -308
[12/11/2019 2:08:39 PM]Error>BL_GetCurrentValues -200
[12/11/2019 2:09:00 PM]Error>BL_GetCurrentValues -200
[12/11/2019 2:16:02 PM]MessageBox W>Cannot get current values of channel 2 : communication failed with the instrument !
[12/11/2019 2:16:04 PM]Info>Application close
[12/11/2019 2:53:50 PM]Info>****************************************************
[12/11/2019 2:53:50 PM]Info>Application start: EC-Lab Express v5.56  26/8/2014
[12/11/2019 2:59:59 PM]Info>Application close
[12/11/2019 6:27:38 PM]Info>****************************************************
[12/11/2019 6:27:38 PM]Info>Application start: EC-Lab Express v5.56  26/8/2014
[12/11/2019 6:28:06 PM]Info>Application close
[12/12/2019 12:47:47 PM]Info>****************************************************
[12/12/2019 12:47:47 PM]Info>Application start: EC-Lab Express v5.56  26/8/2014
[12/12/2019 12:48:50 PM]Info>Application close
[12/12/2019 12:55:39 PM]Info>****************************************************
[12/12/2019 12:55:39 PM]Info>Application start: EC-Lab Express v5.56  26/8/2014
[12/12/2019 12:56:37 PM]MessageBox W>Cannot run experiment: more than 2 channels are selected ! -> 1
[12/16/2019 11:01:55 AM]Info>Application close
[2/27/2020 9:44:29 PM]Info>****************************************************
[2/27/2020 9:44:29 PM]Info>Application start: EC-Lab Express v5.56  26/8/2014
[2/27/2020 9:45:27 PM]Info>Application close
[2/28/2020 1:53:43 AM]Info>****************************************************
[2/28/2020 1:53:43 AM]Info>Application start: EC-Lab Express v5.56  26/8/2014
[2/28/2020 1:54:05 AM]Info>Application close
[2/28/2020 2:06:20 AM]Info>****************************************************
[2/28/2020 2:06:20 AM]Info>Application start: EC-Lab Express v5.56  26/8/2014
[2/28/2020 2:10:01 AM]MessageBox W>Cannot run experiment: more than 2 channels are selected ! -> 1
[2/28/2020 2:10:40 AM]MessageBox YNC>Replace existing file(s) :
[2/28/2020 2:11:43 AM]Info>Application close
[2/28/2020 2:12:36 AM]Info>****************************************************
[2/28/2020 2:12:36 AM]Info>Application start: EC-Lab Express v5.56  26/8/2014
[3/3/2020 7:54:29 PM]Info>Application close
[3/3/2020 11:10:53 PM]Info>****************************************************
[3/3/2020 11:10:53 PM]Info>Application start: EC-Lab Express v5.56  26/8/2014
[3/3/2020 11:11:14 PM]MessageBox W>Cannot add/remove selected channel(s): experiment is still running ! -> 1
[3/3/2020 11:17:47 PM]MessageBox W>Cannot add/remove selected channel(s): experiment is still running ! -> 1
[3/3/2020 11:22:42 PM]Info>Application close
[3/3/2020 11:23:05 PM]Info>****************************************************
[3/3/2020 11:23:05 PM]Info>Application start: EC-Lab Express v5.56  26/8/2014
[3/3/2020 11:23:28 PM]MessageBox W>Cannot add/remove selected channel(s): experiment is still running ! -> 1
[3/3/2020 11:23:38 PM]MessageBox W>Cannot add/remove selected channel(s): experiment is still running ! -> 1
[3/3/2020 11:23:43 PM]Info>Application close
[3/3/2020 11:26:34 PM]Info>****************************************************
[3/3/2020 11:26:34 PM]Info>Application start: EC-Lab Express v5.56  26/8/2014
[3/4/2020 1:51:50 AM]Info>Application close
[3/4/2020 1:53:14 AM]Info>****************************************************
[3/4/2020 1:53:14 AM]Info>Application start: EC-Lab Express v5.56  26/8/2014
[3/6/2020 2:44:06 PM]Info>Application close
[11/11/2020 10:22:15 AM]Info>****************************************************
[11/11/2020 10:22:15 AM]Info>Application start: EC-Lab Express v5.56  26/8/2014
[11/11/2020 10:23:31 AM]MessageBox YN>Remove selected experiment ? -> 6
[11/11/2020 2:14:37 PM]Info>Application close
[11/11/2020 2:14:39 PM]Info>****************************************************
[11/11/2020 2:14:39 PM]Info>Application start: EC-Lab Express v5.56  26/8/2014
[11/11/2020 2:14:49 PM]Info>Application close
[11/11/2020 2:17:31 PM]Info>****************************************************
[11/11/2020 2:17:31 PM]Info>Application start: EC-Lab Express v5.56  26/8/2014
[11/11/2020 2:18:36 PM]Error>BL_Connect -201
[11/11/2020 2:21:19 PM]MessageBox W>Connection failed on 192.168.0.1 : cannot establish connection with the instrument ! -> 1
[11/11/2020 2:23:25 PM]Error>BL_Connect -201
[11/11/2020 2:23:27 PM]MessageBox W>Connection failed on 192.168.8.10 : cannot establish connection with the instrument ! -> 1
[11/11/2020 2:23:42 PM]Error>BL_Connect -201
[11/11/2020 2:23:46 PM]MessageBox W>Connection failed on 192.168.9.10 : cannot establish connection with the instrument ! -> 1
[11/11/2020 2:24:02 PM]Error>BL_Connect -201
[11/11/2020 2:24:04 PM]MessageBox W>Connection failed on 192.168.52.20 : cannot establish connection with the instrument ! -> 1
[11/11/2020 2:47:14 PM]Info>****************************************************
[11/11/2020 2:47:14 PM]Info>Application start: EC-Lab Express v5.56  26/8/2014
[11/11/2020 2:47:50 PM]Error>BL_Connect -201
[11/11/2020 2:48:42 PM]MessageBox W>Connection failed on 192.168.0.1 : cannot establish connection with the instrument ! -> 1
[11/11/2020 2:48:54 PM]Error>BL_Connect -201
[11/11/2020 2:48:57 PM]MessageBox W>Connection failed on 169.254.176.14 : cannot establish connection with the instrument ! -> 1
[11/11/2020 2:49:03 PM]Error>BL_Connect -201
[11/11/2020 2:49:06 PM]MessageBox W>Connection failed on 169.254.176.16 : cannot establish connection with the instrument ! -> 1
[11/11/2020 2:49:13 PM]Error>BL_Connect -201
[11/11/2020 2:49:14 PM]MessageBox W>Connection failed on 169.254.183.24 : cannot establish connection with the instrument ! -> 1
[11/11/2020 2:49:19 PM]Error>BL_Connect -201
[11/11/2020 2:49:21 PM]MessageBox W>Connection failed on 169.254.183.16 : cannot establish connection with the instrument ! -> 1
[11/11/2020 2:51:29 PM]Info>Application close
[11/11/2020 2:51:31 PM]Info>****************************************************
[11/11/2020 2:51:31 PM]Info>Application start: EC-Lab Express v5.56  26/8/2014
[11/11/2020 5:58:18 PM]MessageBox W>Connection failed on 192.168.8.35: EC-Lab firmware is currently loaded on channels.
[11/11/2020 5:58:28 PM]MessageBox W>Connection failed on 192.168.8.35: EC-Lab firmware is currently loaded on channels.
[11/11/2020 5:58:57 PM]Error>BL_Connect -201
[11/11/2020 5:58:59 PM]MessageBox W>Connection failed on 192.168.8.35 : cannot establish connection with the instrument ! -> 1
[11/11/2020 5:59:02 PM]Error>BL_Connect -201
[11/11/2020 5:59:05 PM]MessageBox W>Connection failed on 192.168.8.35 : cannot establish connection with the instrument ! -> 1
[11/11/2020 5:59:15 PM]Error>BL_GetChannelInfos -308
[11/11/2020 5:59:15 PM]Error>BL_GetChannelInfos -308
[11/11/2020 5:59:15 PM]Error>BL_GetChannelInfos -308
[11/11/2020 5:59:15 PM]Error>BL_GetChannelInfos -308
[11/11/2020 6:00:08 PM]MessageBox W>Cannot update technique : no experiment running ! -> 1
[11/11/2020 6:00:31 PM]MessageBox W>Cannot run experiment: more than 2 channels are selected ! -> 1
[11/11/2020 6:01:30 PM]Info>Application close
[12/9/2020 3:26:40 PM]Info>****************************************************
[12/9/2020 3:26:40 PM]Info>Application start: EC-Lab Express v5.56  26/8/2014
[12/9/2020 3:27:15 PM]Error>BL_Connect -201
[12/9/2020 3:27:20 PM]MessageBox W>Connection failed on 192.168.0.1 : cannot establish connection with the instrument ! -> 1
[12/9/2020 3:30:16 PM]Error>BL_Connect -201
[12/9/2020 3:40:00 PM]MessageBox W>Connection failed on 192.168.0.1 : cannot establish connection with the instrument ! -> 1
[12/9/2020 3:46:07 PM]Error>BL_Connect -201
[12/9/2020 3:46:10 PM]MessageBox W>Connection failed on 192.168.0.1 : cannot establish connection with the instrument ! -> 1
[12/9/2020 3:46:32 PM]Error>BL_Connect -201
[12/9/2020 3:47:10 PM]MessageBox W>Connection failed on 192.168.0.1 : cannot establish connection with the instrument ! -> 1
[12/9/2020 3:47:38 PM]Error>BL_Connect -201
[12/9/2020 3:47:40 PM]MessageBox W>Connection failed on 192.168.0.1 : cannot establish connection with the instrument ! -> 1
[12/9/2020 3:47:49 PM]Error>BL_GetChannelInfos -308
[12/9/2020 3:47:49 PM]Error>BL_GetChannelInfos -308
[12/9/2020 3:47:49 PM]Error>BL_GetChannelInfos -308
[12/9/2020 3:47:49 PM]Error>BL_GetChannelInfos -308
[12/9/2020 3:48:54 PM]MessageBox W>Cannot update technique : no experiment running ! -> 1
[12/14/2020 8:34:35 AM]Info>****************************************************
[12/14/2020 8:34:35 AM]Info>Application start: EC-Lab Express v5.56  26/8/2014
[12/14/2020 8:35:34 AM]MessageBox W>Cannot update technique : no experiment running ! -> 1
[12/14/2020 8:39:45 AM]MessageBox YNC>Replace existing file(s) :
[12/14/2020 9:11:14 AM]Info>Application close
[12/14/2020 7:13:46 PM]Info>****************************************************
[12/14/2020 7:13:46 PM]Info>Application start: EC-Lab Express v5.56  26/8/2014
[12/14/2020 7:14:27 PM]Error>BL_Connect -201
[12/14/2020 7:14:29 PM]MessageBox W>Connection failed on 192.168.0.1 : cannot establish connection with the instrument ! -> 1
[12/14/2020 7:15:39 PM]Error>BL_Connect -201
[12/14/2020 7:15:43 PM]MessageBox W>Connection failed on 192.168.0.1 : cannot establish connection with the instrument ! -> 1
[12/14/2020 7:15:49 PM]Info>Application close
[12/14/2020 7:15:51 PM]Info>****************************************************
[12/14/2020 7:15:51 PM]Info>Application start: EC-Lab Express v5.56  26/8/2014
[12/14/2020 7:16:02 PM]Info>Application close
[12/14/2020 7:17:11 PM]Info>****************************************************
[12/14/2020 7:17:11 PM]Info>Application start: EC-Lab Express v5.56  26/8/2014
[12/14/2020 7:17:56 PM]Info>Application close
[1/5/2021 11:06:24 AM]Info>****************************************************
[1/5/2021 11:06:24 AM]Info>Application start: EC-Lab Express v5.56  26/8/2014
[1/5/2021 11:07:27 AM]MessageBox W>Cannot update technique : no experiment running ! -> 1
[1/5/2021 11:51:39 AM]MessageBox YNC>Replace existing file(s) :
[1/5/2021 11:55:01 AM]MessageBox YNC>Replace existing file(s) :
[1/5/2021 12:18:27 PM]MessageBox YNC>Replace existing file(s) :
[1/5/2021 12:35:08 PM]MessageBox W>Cannot add/remove selected channel(s): experiment is still running ! -> 1
[1/6/2021 2:58:42 PM]Info>Application close
[7/14/2021 2:58:25 PM]Info>****************************************************
[7/14/2021 2:58:25 PM]Info>Application start: EC-Lab Express v5.56  26/8/2014
[7/14/2021 3:02:30 PM]MessageBox W>Cannot update technique : no experiment running ! -> 1
[7/14/2021 3:03:36 PM]MessageBox YNC>Replace existing file(s) :
[7/14/2021 3:34:58 PM]Info>Application close
[3/13/2022 10:13:27 PM]Info>****************************************************
[3/13/2022 10:13:27 PM]Info>Application start: EC-Lab Express v5.56  26/8/2014
[3/13/2022 10:14:26 PM]Info>Application close
[3/13/2022 10:15:23 PM]Info>****************************************************
[3/13/2022 10:15:23 PM]Info>Application start: EC-Lab Express v5.56  26/8/2014
[3/13/2022 10:16:57 PM]Error>BL_GetChannelInfos -308
[3/13/2022 10:16:57 PM]Error>BL_GetChannelInfos -308
[3/13/2022 10:16:57 PM]Error>BL_GetChannelInfos -308
[3/13/2022 10:16:57 PM]Error>BL_GetChannelInfos -308
[3/13/2022 10:17:08 PM]Error>BL_LoadFirmware -205
[3/13/2022 10:17:20 PM]MessageBox W>Cannot load the channels firmware : cannot load firmware into selected channel(s) !
[3/13/2022 10:17:24 PM]Error>BL_GetChannelInfos -308
[3/13/2022 10:17:24 PM]Error>BL_GetChannelInfos -308
[3/13/2022 10:17:24 PM]Error>BL_GetChannelInfos -308
[3/13/2022 10:17:24 PM]Error>BL_GetChannelInfos -308
[3/13/2022 10:17:36 PM]Error>BL_LoadFirmware -205
[3/13/2022 10:17:43 PM]MessageBox W>Cannot load the channels firmware : cannot load firmware into selected channel(s) !
[3/13/2022 10:17:45 PM]Error>BL_GetChannelInfos -308
[3/13/2022 10:17:45 PM]Error>BL_GetChannelInfos -308
[3/13/2022 10:17:45 PM]Error>BL_GetChannelInfos -308
[3/13/2022 10:17:45 PM]Error>BL_GetChannelInfos -308
[3/13/2022 10:17:56 PM]Error>BL_LoadFirmware -205
[3/13/2022 10:22:43 PM]MessageBox W>Cannot load the channels firmware : cannot load firmware into selected channel(s) !
[3/13/2022 10:22:46 PM]Info>Application close
[3/14/2022 12:24:58 PM]Info>****************************************************
[3/14/2022 12:24:58 PM]Info>Application start: EC-Lab Express v5.56  26/8/2014
[3/14/2022 12:25:12 PM]Error>BL_GetChannelInfos -308
[3/14/2022 12:25:12 PM]Error>BL_GetChannelInfos -308
[3/14/2022 12:25:12 PM]Error>BL_GetChannelInfos -308
[3/14/2022 12:25:12 PM]Error>BL_GetChannelInfos -308
[3/14/2022 12:25:24 PM]Error>BL_LoadFirmware -205
[3/14/2022 12:26:56 PM]MessageBox W>Cannot load the channels firmware : cannot load firmware into selected channel(s) !
[3/14/2022 12:27:41 PM]Info>Application close
[3/14/2022 1:50:47 PM]Info>****************************************************
[3/14/2022 1:50:47 PM]Info>Application start: EC-Lab Express v5.56  26/8/2014
[3/14/2022 1:51:05 PM]Error>BL_GetChannelInfos -308
[3/14/2022 1:51:05 PM]Error>BL_GetChannelInfos -308
[3/14/2022 1:51:05 PM]Error>BL_GetChannelInfos -308
[3/14/2022 1:51:05 PM]Error>BL_GetChannelInfos -308
[3/14/2022 1:52:37 PM]MessageBox W>Cannot update technique : no experiment running ! -> 1
[3/14/2022 1:53:15 PM]Info>Application close
[3/14/2022 3:35:06 PM]Info>****************************************************
[3/14/2022 3:35:06 PM]Info>Application start: EC-Lab Express v5.56  26/8/2014
[3/14/2022 3:48:37 PM]Info>Application close
[3/14/2022 6:38:39 PM]Info>****************************************************
[3/14/2022 6:38:39 PM]Info>Application start: EC-Lab Express v5.56  26/8/2014
[3/14/2022 6:59:45 PM]Info>Application close
[3/14/2022 7:05:38 PM]Info>****************************************************
[3/14/2022 7:05:38 PM]Info>Application start: EC-Lab Express v5.56  26/8/2014
[3/14/2022 7:06:38 PM]MessageBox W>Cannot update technique : no channel selected ! -> 1
[3/14/2022 7:06:54 PM]MessageBox W>Cannot update technique : no experiment running ! -> 1
[3/14/2022 7:07:15 PM]MessageBox W>Cannot run experiment: more than 2 channels are selected ! -> 1
[3/14/2022 7:07:38 PM]MessageBox YNC>Replace existing file(s) :
[3/14/2022 7:12:33 PM]Info>Application close
[3/22/2022 3:32:00 PM]Info>****************************************************
[3/22/2022 3:32:00 PM]Info>Application start: EC-Lab Express v5.56  26/8/2014
[3/22/2022 3:33:06 PM]MessageBox W>Cannot add/remove selected channel(s): experiment is still running ! -> 1
[3/22/2022 3:33:31 PM]MessageBox W>Cannot add/remove selected channel(s): experiment is still running ! -> 1
[3/22/2022 3:35:20 PM]MessageBox W>Cannot remove selection: experiment is still running ! -> 1
[3/22/2022 3:35:49 PM]Info>Application close
[3/22/2022 3:38:56 PM]Info>****************************************************
[3/22/2022 3:38:56 PM]Info>Application start: EC-Lab Express v5.56  26/8/2014
[3/22/2022 3:39:09 PM]MessageBox W>Connection failed on 192.168.10.35: EC-Lab firmware is currently loaded on channels.
[3/22/2022 3:39:40 PM]MessageBox W>Connection failed on 192.168.10.35: EC-Lab firmware is currently loaded on channels.
[3/22/2022 3:40:13 PM]Info>Application close
[3/22/2022 3:40:38 PM]Info>****************************************************
[3/22/2022 3:40:38 PM]Info>Application start: EC-Lab Express v5.56  26/8/2014
[3/22/2022 3:41:13 PM]Error>BL_GetChannelInfos -308
[3/22/2022 3:41:13 PM]Error>BL_GetChannelInfos -308
[3/22/2022 3:41:13 PM]Error>BL_GetChannelInfos -308
[3/22/2022 3:41:13 PM]Error>BL_GetChannelInfos -308
[3/22/2022 3:42:17 PM]Info>Application close
[3/28/2022 9:30:38 PM]Info>****************************************************
[3/28/2022 9:30:38 PM]Info>Application start: EC-Lab Express v5.56  26/8/2014
[3/28/2022 9:33:41 PM]MessageBox YNC>Replace existing file(s) :
[3/28/2022 9:33:45 PM]MessageBox W>Cannot run experiment: more than 2 channels are selected ! -> 1
[3/28/2022 9:33:55 PM]MessageBox YNC>Replace existing file(s) :
[3/28/2022 9:34:49 PM]MessageBox YNC>Replace existing file(s) :
[3/28/2022 9:35:49 PM]Info>Application close
[9/1/2022 9:36:25 AM]Info>****************************************************
[9/1/2022 9:36:25 AM]Info>Application start: EC-Lab Express v5.56  26/8/2014
[9/1/2022 9:38:08 AM]MessageBox W>Cannot update technique : no experiment running ! -> 1
[9/1/2022 9:42:04 AM]Info>Application close
